TN:
SF:src/entities/dataStructures/StackArray.ts
FN:1,(anonymous_0)
FN:4,(anonymous_1)
FN:8,(anonymous_2)
FN:12,(anonymous_3)
FN:16,(anonymous_4)
FN:20,(anonymous_5)
FN:24,(anonymous_6)
FNF:7
FNH:6
FNDA:7,(anonymous_0)
FNDA:41,(anonymous_1)
FNDA:1,(anonymous_2)
FNDA:2,(anonymous_3)
FNDA:2,(anonymous_4)
FNDA:0,(anonymous_5)
FNDA:4,(anonymous_6)
DA:1,1
DA:2,7
DA:5,41
DA:9,1
DA:13,2
DA:17,2
DA:21,0
DA:25,4
LF:8
LH:7
BRF:0
BRH:0
end_of_record
TN:
SF:src/entities/dataStructures/index.ts
FNF:0
FNH:0
DA:1,1
LF:1
LH:1
BRF:0
BRH:0
end_of_record
